<?xml version="1.0" encoding="UTF-8"?>
<!-- Generated by org.testng.reporters.JUnitXMLReporter -->
<testsuite hostname="OPDDS-DV-PC03" ignored="0" name="Login" tests="1" failures="1" timestamp="16 Aug 2017 23:47:04 GMT" time="38.218" errors="0">
  <testcase name="verifyProgressNotesPage" time="21.909" classname="com.denticon.automationSQA.patient.ProgressNotes">
    <failure type="java.lang.AssertionError" message="null">
      <![CDATA[java.lang.AssertionError: null
	at com.denticon.automationSQA.patient.ProgressNotes.verifyProgressNotesPage(ProgressNotes.java:45)
... Removed 27 stack frames]]>
    </failure>
  </testcase> <!-- verifyProgressNotesPage -->
</testsuite> <!-- Login -->
